2025-11-06 20:02:16,279 [INFO] === ✅ 전역 로거 설정 완료 ===
2025-11-06 20:02:16,279 [INFO] 테스트 시작
2025-11-06 20:02:17,284 [DEBUG] 중간 단계: sleep 완료
2025-11-06 20:02:17,284 [WARNING] 경고 메시지 예시
2025-11-06 20:02:17,284 [ERROR] 에러 메시지 예시
2025-11-06 20:02:17,284 [INFO] 테스트 종료
2025-11-06 20:02:17,289 [DEBUG] Selenium Manager binary found at: /Users/Sunah/Desktop/team2_project/venv/lib/python3.13/site-packages/selenium/webdriver/common/macos/selenium-manager
2025-11-06 20:02:17,289 [DEBUG] Executing process: /Users/Sunah/Desktop/team2_project/venv/lib/python3.13/site-packages/selenium/webdriver/common/macos/selenium-manager --browser chrome --debug --language-binding python --output json
2025-11-06 20:02:17,766 [DEBUG] chromedriver not found in PATH
2025-11-06 20:02:17,766 [DEBUG] chrome detected at /Applications/Google Chrome.app/Contents/MacOS/Google Chrome
2025-11-06 20:02:17,766 [DEBUG] Running command: /Applications/Google\ Chrome.app/Contents/MacOS/Google\ Chrome --version
2025-11-06 20:02:17,766 [DEBUG] Output: "Google Chrome 142.0.7444.60 "
2025-11-06 20:02:17,766 [DEBUG] Detected browser: chrome 142.0.7444.60
2025-11-06 20:02:17,766 [DEBUG] Required driver: chromedriver 142.0.7444.61
2025-11-06 20:02:17,766 [DEBUG] chromedriver 142.0.7444.61 already in the cache
2025-11-06 20:02:17,766 [DEBUG] Driver path: /Users/Sunah/.cache/selenium/chromedriver/mac-arm64/142.0.7444.61/chromedriver
2025-11-06 20:02:17,766 [DEBUG] Browser path: /Applications/Google Chrome.app/Contents/MacOS/Google Chrome
2025-11-06 20:02:17,768 [DEBUG] Started executable: `/Users/Sunah/.cache/selenium/chromedriver/mac-arm64/142.0.7444.61/chromedriver` in a child process with pid: 79029 using 0 to output -3
2025-11-06 20:02:17,855 [DEBUG] POST http://localhost:63804/session {'capabilities': {'firstMatch': [{}], 'alwaysMatch': {'browserName': 'chrome', 'pageLoadStrategy': <PageLoadStrategy.normal: 'normal'>, 'browserVersion': None, 'goog:chromeOptions': {'extensions': [], 'binary': '/Applications/Google Chrome.app/Contents/MacOS/Google Chrome', 'args': []}}}}
2025-11-06 20:02:17,858 [DEBUG] Starting new HTTP connection (1): localhost:63804
2025-11-06 20:02:20,399 [DEBUG] http://localhost:63804 "POST /session HTTP/1.1" 200 0
2025-11-06 20:02:20,400 [DEBUG] Remote response: status=200 | data={"value":{"capabilities":{"acceptInsecureCerts":false,"browserName":"chrome","browserVersion":"142.0.7444.60","chrome":{"chromedriverVersion":"142.0.7444.61 (9884f628acbc5ba8787e2c95a8923a30cf127fd8-refs/branch-heads/7444_52@{#6})","userDataDir":"/var/folders/vj/3xd5sxm97y71ypvsc224sjn80000gp/T/.org.chromium.Chromium.scoped_dir.q0CiEE"},"fedcm:accounts":true,"goog:chromeOptions":{"debuggerAddress":"localhost:63811"},"goog:processID":79030,"networkConnectionEnabled":false,"pageLoadStrategy":"normal","platformName":"mac","proxy":{},"setWindowRect":true,"strictFileInteractability":false,"timeouts":{"implicit":0,"pageLoad":300000,"script":30000},"unhandledPromptBehavior":"dismiss and notify","webauthn:extension:credBlob":true,"webauthn:extension:largeBlob":true,"webauthn:extension:minPinLength":true,"webauthn:extension:prf":true,"webauthn:virtualAuthenticators":true},"sessionId":"419272e123ccfeb0e00ecd681e1bce41"}} | headers=HTTPHeaderDict({'Content-Length': '924', 'Content-Type': 'application/json; charset=utf-8', 'cache-control': 'no-cache'})
2025-11-06 20:02:20,401 [DEBUG] Finished Request
2025-11-06 20:02:20,401 [DEBUG] POST http://localhost:63804/session/419272e123ccfeb0e00ecd681e1bce41/timeouts {'implicit': 5000}
2025-11-06 20:02:20,404 [DEBUG] http://localhost:63804 "POST /session/419272e123ccfeb0e00ecd681e1bce41/timeouts HTTP/1.1" 200 0
2025-11-06 20:02:20,408 [DEBUG] Remote response: status=200 | data={"value":null} | headers=HTTPHeaderDict({'Content-Length': '14', 'Content-Type': 'application/json; charset=utf-8', 'cache-control': 'no-cache'})
2025-11-06 20:02:20,417 [DEBUG] Finished Request
2025-11-06 20:02:20,447 [DEBUG] POST http://localhost:63804/session/419272e123ccfeb0e00ecd681e1bce41/url {'url': 'https://qaproject.elice.io/ai-helpy-chat'}
2025-11-06 20:02:21,821 [DEBUG] http://localhost:63804 "POST /session/419272e123ccfeb0e00ecd681e1bce41/url HTTP/1.1" 200 0
2025-11-06 20:02:21,823 [DEBUG] Remote response: status=200 | data={"value":null} | headers=HTTPHeaderDict({'Content-Length': '14', 'Content-Type': 'application/json; charset=utf-8', 'cache-control': 'no-cache'})
2025-11-06 20:02:21,826 [DEBUG] Finished Request
2025-11-06 20:02:21,826 [DEBUG] POST http://localhost:63804/session/419272e123ccfeb0e00ecd681e1bce41/element {'using': 'css selector', 'value': '[id=":r0:"]'}
2025-11-06 20:02:22,469 [DEBUG] http://localhost:63804 "POST /session/419272e123ccfeb0e00ecd681e1bce41/element HTTP/1.1" 200 0
2025-11-06 20:02:22,469 [DEBUG] Remote response: status=200 | data={"value":{"element-6066-11e4-a52e-4f735466cecf":"f.E4E2C7F5D17863837A98792A5513BCF3.d.6CD409F6D3B550FDC6D1123A7160A4B3.e.14"}} | headers=HTTPHeaderDict({'Content-Length': '126', 'Content-Type': 'application/json; charset=utf-8', 'cache-control': 'no-cache'})
2025-11-06 20:02:22,469 [DEBUG] Finished Request
2025-11-06 20:02:22,469 [DEBUG] POST http://localhost:63804/session/419272e123ccfeb0e00ecd681e1bce41/element/f.E4E2C7F5D17863837A98792A5513BCF3.d.6CD409F6D3B550FDC6D1123A7160A4B3.e.14/value {'text': 'team2@elice.com', 'value': ['t', 'e', 'a', 'm', '2', '@', 'e', 'l', 'i', 'c', 'e', '.', 'c', 'o', 'm']}
2025-11-06 20:02:22,826 [DEBUG] http://localhost:63804 "POST /session/419272e123ccfeb0e00ecd681e1bce41/element/f.E4E2C7F5D17863837A98792A5513BCF3.d.6CD409F6D3B550FDC6D1123A7160A4B3.e.14/value HTTP/1.1" 200 0
2025-11-06 20:02:22,830 [DEBUG] Remote response: status=200 | data={"value":null} | headers=HTTPHeaderDict({'Content-Length': '14', 'Content-Type': 'application/json; charset=utf-8', 'cache-control': 'no-cache'})
2025-11-06 20:02:22,831 [DEBUG] Finished Request
2025-11-06 20:02:22,833 [DEBUG] POST http://localhost:63804/session/419272e123ccfeb0e00ecd681e1bce41/element {'using': 'xpath', 'value': '//input[@name="password" and @type="password"]'}
2025-11-06 20:02:22,994 [DEBUG] http://localhost:63804 "POST /session/419272e123ccfeb0e00ecd681e1bce41/element HTTP/1.1" 200 0
2025-11-06 20:02:23,003 [DEBUG] Remote response: status=200 | data={"value":{"element-6066-11e4-a52e-4f735466cecf":"f.E4E2C7F5D17863837A98792A5513BCF3.d.6CD409F6D3B550FDC6D1123A7160A4B3.e.16"}} | headers=HTTPHeaderDict({'Content-Length': '126', 'Content-Type': 'application/json; charset=utf-8', 'cache-control': 'no-cache'})
2025-11-06 20:02:23,004 [DEBUG] Finished Request
2025-11-06 20:02:23,004 [DEBUG] POST http://localhost:63804/session/419272e123ccfeb0e00ecd681e1bce41/execute/sync {'script': '\n    const input = arguments[0];\n    const value = arguments[1];\n    input.focus();\n    const lastVa...', 'args': [{'element-6066-11e4-a52e-4f735466cecf': 'f.E4E2C7F5D17863837A98792A5513BCF3.d.6CD409F6D3B550FDC6D1123A7160A4B3.e.16'}, 'team2elice!@']}
2025-11-06 20:02:23,062 [DEBUG] http://localhost:63804 "POST /session/419272e123ccfeb0e00ecd681e1bce41/execute/sync HTTP/1.1" 200 0
2025-11-06 20:02:23,062 [DEBUG] Remote response: status=200 | data={"value":null} | headers=HTTPHeaderDict({'Content-Length': '14', 'Content-Type': 'application/json; charset=utf-8', 'cache-control': 'no-cache'})
2025-11-06 20:02:23,062 [DEBUG] Finished Request
2025-11-06 20:02:23,062 [DEBUG] POST http://localhost:63804/session/419272e123ccfeb0e00ecd681e1bce41/element {'using': 'css selector', 'value': '[id=":r3:"]'}
2025-11-06 20:02:23,071 [DEBUG] http://localhost:63804 "POST /session/419272e123ccfeb0e00ecd681e1bce41/element HTTP/1.1" 200 0
2025-11-06 20:02:23,071 [DEBUG] Remote response: status=200 | data={"value":{"element-6066-11e4-a52e-4f735466cecf":"f.E4E2C7F5D17863837A98792A5513BCF3.d.6CD409F6D3B550FDC6D1123A7160A4B3.e.20"}} | headers=HTTPHeaderDict({'Content-Length': '126', 'Content-Type': 'application/json; charset=utf-8', 'cache-control': 'no-cache'})
2025-11-06 20:02:23,071 [DEBUG] Finished Request
2025-11-06 20:02:23,073 [DEBUG] POST http://localhost:63804/session/419272e123ccfeb0e00ecd681e1bce41/element/f.E4E2C7F5D17863837A98792A5513BCF3.d.6CD409F6D3B550FDC6D1123A7160A4B3.e.20/click {}
2025-11-06 20:02:23,210 [DEBUG] http://localhost:63804 "POST /session/419272e123ccfeb0e00ecd681e1bce41/element/f.E4E2C7F5D17863837A98792A5513BCF3.d.6CD409F6D3B550FDC6D1123A7160A4B3.e.20/click HTTP/1.1" 200 0
2025-11-06 20:02:23,211 [DEBUG] Remote response: status=200 | data={"value":null} | headers=HTTPHeaderDict({'Content-Length': '14', 'Content-Type': 'application/json; charset=utf-8', 'cache-control': 'no-cache'})
2025-11-06 20:02:23,211 [DEBUG] Finished Request
2025-11-06 20:02:33,215 [DEBUG] GET http://localhost:63804/session/419272e123ccfeb0e00ecd681e1bce41/url {}
2025-11-06 20:02:33,233 [DEBUG] http://localhost:63804 "GET /session/419272e123ccfeb0e00ecd681e1bce41/url HTTP/1.1" 200 0
2025-11-06 20:02:33,233 [DEBUG] Remote response: status=200 | data={"value":"https://accounts.elice.io/accounts/signin/reset?continue_to=https%3A%2F%2Fqaproject.elice.io%2Fai-helpy-chat&lang=en-US&org=qaproject"} | headers=HTTPHeaderDict({'Content-Length': '145', 'Content-Type': 'application/json; charset=utf-8', 'cache-control': 'no-cache'})
2025-11-06 20:02:33,234 [DEBUG] Finished Request
2025-11-06 20:02:33,305 [DEBUG] DELETE http://localhost:63804/session/419272e123ccfeb0e00ecd681e1bce41 {}
2025-11-06 20:02:33,365 [DEBUG] http://localhost:63804 "DELETE /session/419272e123ccfeb0e00ecd681e1bce41 HTTP/1.1" 200 0
2025-11-06 20:02:33,365 [DEBUG] Remote response: status=200 | data={"value":null} | headers=HTTPHeaderDict({'Content-Length': '14', 'Content-Type': 'application/json; charset=utf-8', 'cache-control': 'no-cache'})
2025-11-06 20:02:33,365 [DEBUG] Finished Request
2025-11-06 20:02:33,440 [INFO] === 🧾 테스트 세션 종료 ===
