2025-11-06 19:17:47,086 [INFO] === ✅ 전역 로거 설정 완료 ===
2025-11-06 19:17:47,087 [INFO] 테스트 시작
2025-11-06 19:17:48,091 [DEBUG] 중간 단계: sleep 완료
2025-11-06 19:17:48,092 [WARNING] 경고 메시지 예시
2025-11-06 19:17:48,092 [ERROR] 에러 메시지 예시
2025-11-06 19:17:48,092 [INFO] 테스트 종료
2025-11-06 19:17:48,101 [DEBUG] Selenium Manager binary found at: /Users/Sunah/Desktop/team2_project/venv/lib/python3.13/site-packages/selenium/webdriver/common/macos/selenium-manager
2025-11-06 19:17:48,101 [DEBUG] Executing process: /Users/Sunah/Desktop/team2_project/venv/lib/python3.13/site-packages/selenium/webdriver/common/macos/selenium-manager --browser chrome --debug --language-binding python --output json
2025-11-06 19:17:49,269 [DEBUG] Sending stats to Plausible: Props { browser: "chrome", browser_version: "", os: "macos", arch: "arm64", lang: "python", selenium_version: "4.38" }
2025-11-06 19:17:49,270 [DEBUG] chromedriver not found in PATH
2025-11-06 19:17:49,270 [DEBUG] chrome detected at /Applications/Google Chrome.app/Contents/MacOS/Google Chrome
2025-11-06 19:17:49,270 [DEBUG] Running command: /Applications/Google\ Chrome.app/Contents/MacOS/Google\ Chrome --version
2025-11-06 19:17:49,270 [DEBUG] Output: "Google Chrome 142.0.7444.60 "
2025-11-06 19:17:49,270 [DEBUG] Detected browser: chrome 142.0.7444.60
2025-11-06 19:17:49,270 [DEBUG] Discovering versions from https://googlechromelabs.github.io/chrome-for-testing/known-good-versions-with-downloads.json
2025-11-06 19:17:49,270 [DEBUG] Required driver: chromedriver 142.0.7444.61
2025-11-06 19:17:49,270 [DEBUG] chromedriver 142.0.7444.61 already in the cache
2025-11-06 19:17:49,270 [DEBUG] Driver path: /Users/Sunah/.cache/selenium/chromedriver/mac-arm64/142.0.7444.61/chromedriver
2025-11-06 19:17:49,270 [DEBUG] Browser path: /Applications/Google Chrome.app/Contents/MacOS/Google Chrome
2025-11-06 19:17:49,274 [DEBUG] Started executable: `/Users/Sunah/.cache/selenium/chromedriver/mac-arm64/142.0.7444.61/chromedriver` in a child process with pid: 76507 using 0 to output -3
2025-11-06 19:17:49,359 [DEBUG] POST http://localhost:62828/session {'capabilities': {'firstMatch': [{}], 'alwaysMatch': {'browserName': 'chrome', 'pageLoadStrategy': <PageLoadStrategy.normal: 'normal'>, 'browserVersion': None, 'goog:chromeOptions': {'extensions': [], 'binary': '/Applications/Google Chrome.app/Contents/MacOS/Google Chrome', 'args': []}}}}
2025-11-06 19:17:49,360 [DEBUG] Starting new HTTP connection (1): localhost:62828
2025-11-06 19:17:51,745 [DEBUG] http://localhost:62828 "POST /session HTTP/1.1" 200 0
2025-11-06 19:17:51,750 [DEBUG] Remote response: status=200 | data={"value":{"capabilities":{"acceptInsecureCerts":false,"browserName":"chrome","browserVersion":"142.0.7444.60","chrome":{"chromedriverVersion":"142.0.7444.61 (9884f628acbc5ba8787e2c95a8923a30cf127fd8-refs/branch-heads/7444_52@{#6})","userDataDir":"/var/folders/vj/3xd5sxm97y71ypvsc224sjn80000gp/T/.org.chromium.Chromium.scoped_dir.GAQO3U"},"fedcm:accounts":true,"goog:chromeOptions":{"debuggerAddress":"localhost:62837"},"goog:processID":76508,"networkConnectionEnabled":false,"pageLoadStrategy":"normal","platformName":"mac","proxy":{},"setWindowRect":true,"strictFileInteractability":false,"timeouts":{"implicit":0,"pageLoad":300000,"script":30000},"unhandledPromptBehavior":"dismiss and notify","webauthn:extension:credBlob":true,"webauthn:extension:largeBlob":true,"webauthn:extension:minPinLength":true,"webauthn:extension:prf":true,"webauthn:virtualAuthenticators":true},"sessionId":"f6abdde05806f7a145d8f9d255027f0a"}} | headers=HTTPHeaderDict({'Content-Length': '924', 'Content-Type': 'application/json; charset=utf-8', 'cache-control': 'no-cache'})
2025-11-06 19:17:51,751 [DEBUG] Finished Request
2025-11-06 19:17:51,751 [DEBUG] POST http://localhost:62828/session/f6abdde05806f7a145d8f9d255027f0a/timeouts {'implicit': 5000}
2025-11-06 19:17:51,753 [DEBUG] http://localhost:62828 "POST /session/f6abdde05806f7a145d8f9d255027f0a/timeouts HTTP/1.1" 200 0
2025-11-06 19:17:51,753 [DEBUG] Remote response: status=200 | data={"value":null} | headers=HTTPHeaderDict({'Content-Length': '14', 'Content-Type': 'application/json; charset=utf-8', 'cache-control': 'no-cache'})
2025-11-06 19:17:51,753 [DEBUG] Finished Request
2025-11-06 19:17:51,755 [DEBUG] POST http://localhost:62828/session/f6abdde05806f7a145d8f9d255027f0a/url {'url': 'https://accounts.elice.io/accounts/signin/me?continue_to=https%3A%2F%2Fqatrack.elice.io%2Fai-helpy-c...'}
2025-11-06 19:17:53,547 [DEBUG] http://localhost:62828 "POST /session/f6abdde05806f7a145d8f9d255027f0a/url HTTP/1.1" 200 0
2025-11-06 19:17:53,551 [DEBUG] Remote response: status=200 | data={"value":null} | headers=HTTPHeaderDict({'Content-Length': '14', 'Content-Type': 'application/json; charset=utf-8', 'cache-control': 'no-cache'})
2025-11-06 19:17:53,552 [DEBUG] Finished Request
2025-11-06 19:17:53,554 [DEBUG] POST http://localhost:62828/session/f6abdde05806f7a145d8f9d255027f0a/element {'using': 'css selector', 'value': '[id=":r0:"]'}
2025-11-06 19:17:53,595 [DEBUG] http://localhost:62828 "POST /session/f6abdde05806f7a145d8f9d255027f0a/element HTTP/1.1" 200 0
2025-11-06 19:17:53,595 [DEBUG] Remote response: status=200 | data={"value":{"element-6066-11e4-a52e-4f735466cecf":"f.3D0A99999A84294AEA43DF5F12BEC8CB.d.5C8D26834421B70ED8AB0D5C243052C3.e.3"}} | headers=HTTPHeaderDict({'Content-Length': '125', 'Content-Type': 'application/json; charset=utf-8', 'cache-control': 'no-cache'})
2025-11-06 19:17:53,596 [DEBUG] Finished Request
2025-11-06 19:17:53,596 [DEBUG] POST http://localhost:62828/session/f6abdde05806f7a145d8f9d255027f0a/element/f.3D0A99999A84294AEA43DF5F12BEC8CB.d.5C8D26834421B70ED8AB0D5C243052C3.e.3/value {'text': 'wivepam991@fandoe.com', 'value': ['w', 'i', 'v', 'e', 'p', 'a', 'm', '9', '9', '1', '@', 'f', 'a', 'n', 'd', 'o', 'e', '.', 'c', 'o', 'm']}
2025-11-06 19:17:53,928 [DEBUG] http://localhost:62828 "POST /session/f6abdde05806f7a145d8f9d255027f0a/element/f.3D0A99999A84294AEA43DF5F12BEC8CB.d.5C8D26834421B70ED8AB0D5C243052C3.e.3/value HTTP/1.1" 200 0
2025-11-06 19:17:53,928 [DEBUG] Remote response: status=200 | data={"value":null} | headers=HTTPHeaderDict({'Content-Length': '14', 'Content-Type': 'application/json; charset=utf-8', 'cache-control': 'no-cache'})
2025-11-06 19:17:53,929 [DEBUG] Finished Request
2025-11-06 19:17:53,929 [DEBUG] POST http://localhost:62828/session/f6abdde05806f7a145d8f9d255027f0a/element {'using': 'xpath', 'value': '//input[@name="password" and @type="password"]'}
2025-11-06 19:17:53,956 [DEBUG] http://localhost:62828 "POST /session/f6abdde05806f7a145d8f9d255027f0a/element HTTP/1.1" 200 0
2025-11-06 19:17:53,957 [DEBUG] Remote response: status=200 | data={"value":{"element-6066-11e4-a52e-4f735466cecf":"f.3D0A99999A84294AEA43DF5F12BEC8CB.d.5C8D26834421B70ED8AB0D5C243052C3.e.4"}} | headers=HTTPHeaderDict({'Content-Length': '125', 'Content-Type': 'application/json; charset=utf-8', 'cache-control': 'no-cache'})
2025-11-06 19:17:53,957 [DEBUG] Finished Request
2025-11-06 19:17:53,957 [DEBUG] POST http://localhost:62828/session/f6abdde05806f7a145d8f9d255027f0a/execute/sync {'script': '\n    const input = arguments[0];\n    const value = arguments[1];\n    input.focus();\n    const lastVa...', 'args': [{'element-6066-11e4-a52e-4f735466cecf': 'f.3D0A99999A84294AEA43DF5F12BEC8CB.d.5C8D26834421B70ED8AB0D5C243052C3.e.4'}, 'password123!']}
2025-11-06 19:17:54,028 [DEBUG] http://localhost:62828 "POST /session/f6abdde05806f7a145d8f9d255027f0a/execute/sync HTTP/1.1" 200 0
2025-11-06 19:17:54,028 [DEBUG] Remote response: status=200 | data={"value":null} | headers=HTTPHeaderDict({'Content-Length': '14', 'Content-Type': 'application/json; charset=utf-8', 'cache-control': 'no-cache'})
2025-11-06 19:17:54,029 [DEBUG] Finished Request
2025-11-06 19:17:54,029 [DEBUG] POST http://localhost:62828/session/f6abdde05806f7a145d8f9d255027f0a/element {'using': 'css selector', 'value': '[id=":r3:"]'}
2025-11-06 19:17:54,041 [DEBUG] http://localhost:62828 "POST /session/f6abdde05806f7a145d8f9d255027f0a/element HTTP/1.1" 200 0
2025-11-06 19:17:54,043 [DEBUG] Remote response: status=200 | data={"value":{"element-6066-11e4-a52e-4f735466cecf":"f.3D0A99999A84294AEA43DF5F12BEC8CB.d.5C8D26834421B70ED8AB0D5C243052C3.e.9"}} | headers=HTTPHeaderDict({'Content-Length': '125', 'Content-Type': 'application/json; charset=utf-8', 'cache-control': 'no-cache'})
2025-11-06 19:17:54,043 [DEBUG] Finished Request
2025-11-06 19:17:54,044 [DEBUG] POST http://localhost:62828/session/f6abdde05806f7a145d8f9d255027f0a/element/f.3D0A99999A84294AEA43DF5F12BEC8CB.d.5C8D26834421B70ED8AB0D5C243052C3.e.9/click {}
2025-11-06 19:17:54,169 [DEBUG] http://localhost:62828 "POST /session/f6abdde05806f7a145d8f9d255027f0a/element/f.3D0A99999A84294AEA43DF5F12BEC8CB.d.5C8D26834421B70ED8AB0D5C243052C3.e.9/click HTTP/1.1" 200 0
2025-11-06 19:17:54,169 [DEBUG] Remote response: status=200 | data={"value":null} | headers=HTTPHeaderDict({'Content-Length': '14', 'Content-Type': 'application/json; charset=utf-8', 'cache-control': 'no-cache'})
2025-11-06 19:17:54,169 [DEBUG] Finished Request
2025-11-06 19:18:04,182 [DEBUG] GET http://localhost:62828/session/f6abdde05806f7a145d8f9d255027f0a/url {}
2025-11-06 19:18:04,210 [DEBUG] http://localhost:62828 "GET /session/f6abdde05806f7a145d8f9d255027f0a/url HTTP/1.1" 200 0
2025-11-06 19:18:04,211 [DEBUG] Remote response: status=200 | data={"value":"https://qatrack.elice.io/ai-helpy-chat"} | headers=HTTPHeaderDict({'Content-Length': '50', 'Content-Type': 'application/json; charset=utf-8', 'cache-control': 'no-cache'})
2025-11-06 19:18:04,211 [DEBUG] Finished Request
2025-11-06 19:18:04,225 [DEBUG] DELETE http://localhost:62828/session/f6abdde05806f7a145d8f9d255027f0a {}
2025-11-06 19:18:04,284 [DEBUG] http://localhost:62828 "DELETE /session/f6abdde05806f7a145d8f9d255027f0a HTTP/1.1" 200 0
2025-11-06 19:18:04,284 [DEBUG] Remote response: status=200 | data={"value":null} | headers=HTTPHeaderDict({'Content-Length': '14', 'Content-Type': 'application/json; charset=utf-8', 'cache-control': 'no-cache'})
2025-11-06 19:18:04,284 [DEBUG] Finished Request
2025-11-06 19:18:04,347 [INFO] === 🧾 테스트 세션 종료 ===
